    1  history -p
    2  ls
    3  cd cs131
    4  ls
    5  cd Worksheet5
    6  ls
    7  rm Comedy.txt
    8  ls
    9  rm Gaming.txt
   10  rm Music.txt
   11  rm ws5.txt
   12  rm Entertainment.txt
   13  ls
   14  rm cmds.log
   15  mkdir 'United States'
   16  ls
   17  cd 'United States'
   18  ls
   19  touch Music.txt
   20  touch Entertainment.txt
   21  touch Gaming.txt
   22  touch Comedy.txt
   23  ls
   24  cd ..
   25  ls
   26  head 'Global Youtube Statistics.csv'
   27  head 'Global YouTube Statistics.csv'
   28  vi script.sh
   29  ./script.sh
   30  ls
   31  cat ws5.txt
   32  git add script.sh
   33  git add ws5.txt
   34  cd 'United States'
   35  ls
   36  git add Comedy.txt
   37  git add Entertainment.txt
   38  git add Gaming.txt
   39  git Music.txt
   40  git add Music.txt
   41  cd ..
   42  ls
   43  history > cmds.log
